0 info it worked if it ends with ok
1 verbose cli [ '/Users/danimagus/.nvm/versions/node/v6.1.0/bin/node',
1 verbose cli   '/Users/danimagus/.nvm/versions/node/v6.1.0/bin/npm',
1 verbose cli   'start' ]
2 info using npm@3.8.6
3 info using node@v6.1.0
4 verbose run-script [ 'prestart', 'start', 'poststart' ]
5 info lifecycle profile_app@~prestart: profile_app@
6 silly lifecycle profile_app@~prestart: no script for prestart, continuing
7 info lifecycle profile_app@~start: profile_app@
8 verbose lifecycle profile_app@~start: unsafe-perm in lifecycle true
9 verbose lifecycle profile_app@~start: PATH: /Users/danimagus/.nvm/versions/node/v6.1.0/lib/node_modules/npm/bin/node-gyp-bin:/Users/danimagus/CODE/StackPractice/profiles/node_modules/.bin:/Users/danimagus/.nvm/versions/node/v6.1.0/bin:/Users/danimagus/.rbenv/shims:/Users/danimagus/.nvm/versions/node/v6.1.0/bin:/Users/danimagus/.rbenv/shims:/usr/local/bin:/usr/local/sbin:/usr/bin:/bin:/usr/sbin:/sbin:/Users/danimagus/.rbenv/bin:/Users/danimagus/.yadr/bin:/Users/danimagus/.yadr/bin/yadr
10 verbose lifecycle profile_app@~start: CWD: /Users/danimagus/CODE/StackPractice/profiles
11 silly lifecycle profile_app@~start: Args: [ '-c', 'node server/server.js' ]
12 silly lifecycle profile_app@~start: Returned: code: 1  signal: null
13 info lifecycle profile_app@~start: Failed to exec start script
14 verbose stack Error: profile_app@ start: `node server/server.js`
14 verbose stack Exit status 1
14 verbose stack     at EventEmitter.<anonymous> (/Users/danimagus/.nvm/versions/node/v6.1.0/lib/node_modules/npm/lib/utils/lifecycle.js:239:16)
14 verbose stack     at emitTwo (events.js:106:13)
14 verbose stack     at EventEmitter.emit (events.js:191:7)
14 verbose stack     at ChildProcess.<anonymous> (/Users/danimagus/.nvm/versions/node/v6.1.0/lib/node_modules/npm/lib/utils/spawn.js:24:14)
14 verbose stack     at emitTwo (events.js:106:13)
14 verbose stack     at ChildProcess.emit (events.js:191:7)
14 verbose stack     at maybeClose (internal/child_process.js:850:16)
14 verbose stack     at Process.ChildProcess._handle.onexit (internal/child_process.js:215:5)
15 verbose pkgid profile_app@
16 verbose cwd /Users/danimagus/CODE/StackPractice/profiles
17 error Darwin 15.6.0
18 error argv "/Users/danimagus/.nvm/versions/node/v6.1.0/bin/node" "/Users/danimagus/.nvm/versions/node/v6.1.0/bin/npm" "start"
19 error node v6.1.0
20 error npm  v3.8.6
21 error code ELIFECYCLE
22 error profile_app@ start: `node server/server.js`
22 error Exit status 1
23 error Failed at the profile_app@ start script 'node server/server.js'.
23 error Make sure you have the latest version of node.js and npm installed.
23 error If you do, this is most likely a problem with the profile_app package,
23 error not with npm itself.
23 error Tell the author that this fails on your system:
23 error     node server/server.js
23 error You can get information on how to open an issue for this project with:
23 error     npm bugs profile_app
23 error Or if that isn't available, you can get their info via:
23 error     npm owner ls profile_app
23 error There is likely additional logging output above.
24 verbose exit [ 1, true ]
